<?xml version="1.0" encoding="UTF-8"?>
<!-- Generated by org.testng.reporters.JUnitXMLReporter -->
<testsuite ignored="0" hostname="Tom" failures="0" tests="4" name="DataDriven testing" time="44.249" errors="0" timestamp="2023-06-15T14:10:42 IST">
  <testcase classname="Testcases.BothareCorrect" name="test1" time="12.965"/>
  <testcase classname="Testcases.BothareIncorrect" name="test1" time="10.304"/>
  <testcase classname="Testcases.PasswordOnlyCorrect" name="test1" time="7.33"/>
  <testcase classname="Testcases.UsernameOnlyCorrect" name="test1" time="13.599"/>
</testsuite> <!-- DataDriven testing -->
