<?xml version="1.0" encoding="UTF-8"?>
<!-- Generated by org.testng.reporters.JUnitXMLReporter -->
<testsuite ignored="0" hostname="Tom" failures="0" tests="4" name="Default test" time="71.504" errors="0" timestamp="2023-06-22T15:10:48 IST">
  <testcase classname="Testcases.EasyAproach_ExcelData" name="logintest" time="18.209"/>
  <testcase classname="Testcases.EasyAproach_ExcelData" name="logintest" time="16.715"/>
  <testcase classname="Testcases.EasyAproach_ExcelData" name="logintest" time="17.076"/>
  <testcase classname="Testcases.EasyAproach_ExcelData" name="logintest" time="16.387"/>
</testsuite> <!-- Default test -->
