<?xml version="1.0" encoding="UTF-8"?>
<testng-results ignored="0" total="4" passed="4" failed="0" skipped="0">
  <reporter-output>
  </reporter-output>
  <suite started-at="2023-06-22T15:09:37 IST" name="Default suite" finished-at="2023-06-22T15:10:48 IST" duration-ms="71504">
    <groups>
    </groups>
    <test started-at="2023-06-22T15:09:37 IST" name="Default test" finished-at="2023-06-22T15:10:48 IST" duration-ms="71504">
      <class name="Testcases.EasyAproach_ExcelData">
        <test-method signature="logintest(java.lang.String,java.lang.String)[pri:0, instance:Testcases.EasyAproach_ExcelData@e15b7e8]" started-at="2023-06-22T15:09:40 IST" name="logintest" data-provider="LoginData" finished-at="2023-06-22T15:09:58 IST" duration-ms="18209" status="PASS">
          <params>
            <param index="0">
              <value>
                <![CDATA[Admin]]>
              </value>
            </param>
            <param index="1">
              <value>
                <![CDATA[admin123]]>
              </value>
            </param>
          </params>
          <reporter-output>
          </reporter-output>
        </test-method> <!-- logintest -->
        <test-method signature="logintest(java.lang.String,java.lang.String)[pri:0, instance:Testcases.EasyAproach_ExcelData@e15b7e8]" started-at="2023-06-22T15:09:58 IST" name="logintest" data-provider="LoginData" finished-at="2023-06-22T15:10:15 IST" duration-ms="16715" status="PASS">
          <params>
            <param index="0">
              <value>
                <![CDATA[Ramesh]]>
              </value>
            </param>
            <param index="1">
              <value>
                <![CDATA[admin123]]>
              </value>
            </param>
          </params>
          <reporter-output>
          </reporter-output>
        </test-method> <!-- logintest -->
        <test-method signature="logintest(java.lang.String,java.lang.String)[pri:0, instance:Testcases.EasyAproach_ExcelData@e15b7e8]" started-at="2023-06-22T15:10:15 IST" name="logintest" data-provider="LoginData" finished-at="2023-06-22T15:10:32 IST" duration-ms="17076" status="PASS">
          <params>
            <param index="0">
              <value>
                <![CDATA[Admin]]>
              </value>
            </param>
            <param index="1">
              <value>
                <![CDATA[Admin321]]>
              </value>
            </param>
          </params>
          <reporter-output>
          </reporter-output>
        </test-method> <!-- logintest -->
        <test-method signature="logintest(java.lang.String,java.lang.String)[pri:0, instance:Testcases.EasyAproach_ExcelData@e15b7e8]" started-at="2023-06-22T15:10:32 IST" name="logintest" data-provider="LoginData" finished-at="2023-06-22T15:10:48 IST" duration-ms="16387" status="PASS">
          <params>
            <param index="0">
              <value>
                <![CDATA[Naruto]]>
              </value>
            </param>
            <param index="1">
              <value>
                <![CDATA[Ninja]]>
              </value>
            </param>
          </params>
          <reporter-output>
          </reporter-output>
        </test-method> <!-- logintest -->
      </class> <!-- Testcases.EasyAproach_ExcelData -->
    </test> <!-- Default test -->
  </suite> <!-- Default suite -->
</testng-results>
